#
# There is insufficient memory for the Java Runtime Environment to continue.
# Native memory allocation (mmap) failed to map 134217728 bytes for G1 virtual space
# Possible reasons:
#   The system is out of physical RAM or swap space
#   The process is running with CompressedOops enabled, and the Java Heap may be blocking the growth of the native heap
# Possible solutions:
#   Reduce memory load on the system
#   Increase physical memory or swap space
#   Check if swap backing store is full
#   Decrease Java heap size (-Xmx/-Xms)
#   Decrease number of Java threads
#   Decrease Java thread stack sizes (-Xss)
#   Set larger code cache with -XX:ReservedCodeCacheSize=
#   JVM is running with Unscaled Compressed Oops mode in which the Java heap is
#     placed in the first 4GB address space. The Java Heap base address is the
#     maximum limit for the native heap growth. Please use -XX:HeapBaseMinAddress
#     to set the Java Heap base and to place the Java Heap above 4GB virtual address.
# This output file may be truncated or incomplete.
#
#  Out of Memory Error (os_windows.cpp:3769), pid=18252, tid=13076
#
# JRE version:  (17.0.6) (build )
# Java VM: OpenJDK 64-Bit Server VM (17.0.6+0-b2043.56-9586694, mixed mode, sharing, tiered, compressed oops, compressed class ptrs, g1 gc, windows-amd64)
# No core dump will be written. Minidumps are not enabled by default on client versions of Windows
#

---------------  S U M M A R Y ------------

Command Line: org.jetbrains.kotlin.cli.jvm.K2JVMCompiler @C:\Users\IT\Desktop\Nur\Developments\Android Studio\WalkthroughScreem\app\build\20230421_18101023326913951846.compiler.options

Host: Intel(R) Core(TM) i7-4790 CPU @ 3.60GHz, 8 cores, 7G,  Windows 10 , 64 bit Build 19041 (10.0.19041.2788)
Time: Fri Apr 21 11:03:16 2023 SE Asia Standard Time elapsed time: 0.009098 seconds (0d 0h 0m 0s)

---------------  T H R E A D  ---------------

Current thread (0x0000022daf31d9d0):  JavaThread "Unknown thread" [_thread_in_vm, id=13076, stack(0x000000deb9700000,0x000000deb9800000)]

Stack: [0x000000deb9700000,0x000000deb9800000]
Native frames: (J=compiled Java code, j=interpreted, Vv=VM code, C=native code)
V  [jvm.dll+0x683b4a]
V  [jvm.dll+0x842654]
V  [jvm.dll+0x843dfe]
V  [jvm.dll+0x844463]
V  [jvm.dll+0x249b75]
V  [jvm.dll+0x680a19]
V  [jvm.dll+0x674f0a]
V  [jvm.dll+0x309acb]
V  [jvm.dll+0x310f86]
V  [jvm.dll+0x3608ee]
V  [jvm.dll+0x360b1f]
V  [jvm.dll+0x2dfbf8]
V  [jvm.dll+0x2e0b64]
V  [jvm.dll+0x813f41]
V  [jvm.dll+0x36e6a1]
V  [jvm.dll+0x7f347c]
V  [jvm.dll+0x3f0e8f]
V  [jvm.dll+0x3f29d1]
C  [jli.dll+0x526b]
C  [ucrtbase.dll+0x21bb2]
C  [KERNEL32.DLL+0x17604]
C  [ntdll.dll+0x526a1]


---------------  P R O C E S S  ---------------

Threads class SMR info:
_java_thread_list=0x00007ff8f686c058, length=0, elements={
}

Java Threads: ( => current thread )

Other Threads:
  0x0000022daf376ac0 GCTaskThread "GC Thread#0" [stack: 0x000000deb9800000,0x000000deb9900000] [id=22496]
  0x0000022daf387640 ConcurrentGCThread "G1 Main Marker" [stack: 0x000000deb9900000,0x000000deb9a00000] [id=21900]
  0x0000022daf388050 ConcurrentGCThread "G1 Conc#0" [stack: 0x000000deb9a00000,0x000000deb9b00000] [id=8628]

[error occurred during error reporting (printing all threads), id 0xc0000005, EXCEPTION_ACCESS_VIOLATION (0xc0000005) at pc=0x00007ff8f6020797]

VM state: not at safepoint (not fully initialized)

VM Mutex/Monitor currently owned by a thread:  ([mutex/lock_event])
[0x0000022daf3196e0] Heap_lock - owner thread: 0x0000022daf31d9d0

Heap address: 0x0000000081e00000, size: 2018 MB, Compressed Oops mode: 32-bit

CDS archive(s) mapped at: [0x0000000000000000-0x0000000000000000-0x0000000000000000), size 0, SharedBaseAddress: 0x0000000800000000, ArchiveRelocationMode: 0.
Narrow klass base: 0x0000000000000000, Narrow klass shift: 0, Narrow klass range: 0x0

GC Precious Log:
<Empty>

Heap:
 garbage-first heap   total 0K, used 0K [0x0000000081e00000, 0x0000000100000000)
  region size 1024K, 0 young (0K), 0 survivors (0K)

[error occurred during error reporting (printing heap information), id 0xc0000005, EXCEPTION_ACCESS_VIOLATION (0xc0000005) at pc=0x00007ff8f640d939]

GC Heap History (0 events):
No events

Dll operation events (1 events):
Event: 0.005 Loaded shared library F:\NUR\Program Files Local\Android\jbr\bin\java.dll

Deoptimization events (0 events):
No events

Classes unloaded (0 events):
No events

Classes redefined (0 events):
No events

Internal exceptions (0 events):
No events

VM Operations (0 events):
No events

Events (0 events):
No events


Dynamic libraries:
0x00007ff61ed40000 - 0x00007ff61ed4a000 	F:\NUR\Program Files Local\Android\jbr\bin\java.exe
0x00007ff953e50000 - 0x00007ff954048000 	C:\WINDOWS\SYSTEM32\ntdll.dll
0x00007ff952570000 - 0x00007ff95262f000 	C:\WINDOWS\System32\KERNEL32.DLL
0x00007ff951780000 - 0x00007ff951a5a000 	C:\WINDOWS\System32\KERNELBASE.dll
0x00007ff94ea40000 - 0x00007ff94ead0000 	C:\WINDOWS\SYSTEM32\apphelp.dll
0x00007ff951560000 - 0x00007ff951660000 	C:\WINDOWS\System32\ucrtbase.dll
0x00007ff946180000 - 0x00007ff946197000 	F:\NUR\Program Files Local\Android\jbr\bin\jli.dll
0x00007ff946140000 - 0x00007ff94615b000 	F:\NUR\Program Files Local\Android\jbr\bin\VCRUNTIME140.dll
0x00007ff953850000 - 0x00007ff9539ed000 	C:\WINDOWS\System32\USER32.dll
0x00007ff951e80000 - 0x00007ff951ea2000 	C:\WINDOWS\System32\win32u.dll
0x00007ff93b800000 - 0x00007ff93ba9a000 	C:\WINDOWS\WinSxS\amd64_microsoft.windows.common-controls_6595b64144ccf1df_6.0.19041.1110_none_60b5254171f9507e\COMCTL32.dll
0x00007ff953650000 - 0x00007ff95367b000 	C:\WINDOWS\System32\GDI32.dll
0x00007ff951b30000 - 0x00007ff951c40000 	C:\WINDOWS\System32\gdi32full.dll
0x00007ff951f10000 - 0x00007ff951fae000 	C:\WINDOWS\System32\msvcrt.dll
0x00007ff951a60000 - 0x00007ff951afd000 	C:\WINDOWS\System32\msvcp_win.dll
0x00007ff953680000 - 0x00007ff9536b0000 	C:\WINDOWS\System32\IMM32.DLL
0x00007ff94e960000 - 0x00007ff94e96c000 	F:\NUR\Program Files Local\Android\jbr\bin\vcruntime140_1.dll
0x00007ff9460b0000 - 0x00007ff94613d000 	F:\NUR\Program Files Local\Android\jbr\bin\msvcp140.dll
0x00007ff8f5d30000 - 0x00007ff8f699d000 	F:\NUR\Program Files Local\Android\jbr\bin\server\jvm.dll
0x00007ff9524c0000 - 0x00007ff95256e000 	C:\WINDOWS\System32\ADVAPI32.dll
0x00007ff953c80000 - 0x00007ff953d1c000 	C:\WINDOWS\System32\sechost.dll
0x00007ff952d80000 - 0x00007ff952ea6000 	C:\WINDOWS\System32\RPCRT4.dll
0x00007ff947220000 - 0x00007ff94722a000 	C:\WINDOWS\SYSTEM32\VERSION.dll
0x00007ff945510000 - 0x00007ff945537000 	C:\WINDOWS\SYSTEM32\WINMM.dll
0x00007ff941510000 - 0x00007ff941519000 	C:\WINDOWS\SYSTEM32\WSOCK32.dll
0x00007ff953210000 - 0x00007ff95327b000 	C:\WINDOWS\System32\WS2_32.dll
0x00007ff94fdc0000 - 0x00007ff94fdd2000 	C:\WINDOWS\SYSTEM32\kernel.appcore.dll
0x00007ff94b7d0000 - 0x00007ff94b7da000 	F:\NUR\Program Files Local\Android\jbr\bin\jimage.dll
0x00007ff9412c0000 - 0x00007ff9414a4000 	C:\WINDOWS\SYSTEM32\DBGHELP.DLL
0x00007ff9411c0000 - 0x00007ff9411f4000 	C:\WINDOWS\SYSTEM32\dbgcore.DLL
0x00007ff951c90000 - 0x00007ff951d12000 	C:\WINDOWS\System32\bcryptPrimitives.dll
0x00007ff9452a0000 - 0x00007ff9452c5000 	F:\NUR\Program Files Local\Android\jbr\bin\java.dll

dbghelp: loaded successfully - version: 4.0.5 - missing functions: none
symbol engine: initialized successfully - sym options: 0x614 - pdb path: .;F:\NUR\Program Files Local\Android\jbr\bin;C:\WINDOWS\SYSTEM32;C:\WINDOWS\WinSxS\amd64_microsoft.windows.common-controls_6595b64144ccf1df_6.0.19041.1110_none_60b5254171f9507e;F:\NUR\Program Files Local\Android\jbr\bin\server

VM Arguments:
java_command: org.jetbrains.kotlin.cli.jvm.K2JVMCompiler @C:\Users\IT\Desktop\Nur\Developments\Android Studio\WalkthroughScreem\app\build\20230421_18101023326913951846.compiler.options
java_class_path (initial): C:\Users\IT\.gradle\caches\modules-2\files-2.1\org.jetbrains.kotlin\kotlin-compiler-embeddable\1.8.0\eb9118d4bcceaa2a94b2ae2a33a4ddba7c9a947f\kotlin-compiler-embeddable-1.8.0.jar;C:\Users\IT\.gradle\caches\modules-2\files-2.1\org.jetbrains.kotlin\kotlin-stdlib\1.8.0\1796921c7a3e2e2665a83e6c8d33399336cd39bc\kotlin-stdlib-1.8.0.jar;C:\Users\IT\.gradle\caches\modules-2\files-2.1\org.jetbrains.kotlin\kotlin-script-runtime\1.8.0\b2f7e760d283cb339974851c222a4c1d48f2d3d\kotlin-script-runtime-1.8.0.jar;C:\Users\IT\.gradle\caches\modules-2\files-2.1\org.jetbrains.kotlin\kotlin-reflect\1.6.10\1cbe9c92c12a94eea200d23c2bbaedaf3daf5132\kotlin-reflect-1.6.10.jar;C:\Users\IT\.gradle\caches\modules-2\files-2.1\org.jetbrains.kotlin\kotlin-daemon-embeddable\1.8.0\d255216c551685dc3a7e852b53617f5f01aaaa5c\kotlin-daemon-embeddable-1.8.0.jar;C:\Users\IT\.gradle\caches\modules-2\files-2.1\org.jetbrains.intellij.deps\trove4j\1.0.20200330\3afb14d5f9ceb459d724e907a21145e8ff394f02\trove4j-1.0.20200330.jar;C:\Users\IT\.gradle\caches\modules-2\files-2.1\net.java.dev.jna\jna\5.6.0\330f2244e9030119ab3030fc3fededc86713d9cc\jna-5.6.0.jar;C:\Users\IT\.gradle\caches\modules-2\files-2.1\org.jetbrains.kotlin\kotlin-stdlib-common\1.8.0\f7197e7cc76453ac59f8b0f8d5137cc600becd36\kotlin-stdlib-common-1.8.0.jar;C:\Users\IT\.gradle\caches\modules-2\files-2.1\org.jetbrains\annotations\13.0\919f0dfe192fb4e063e7dacadee7f8bb9a2672a9\annotations-13.0.jar
Launcher Type: SUN_STANDARD

[Global flags]
     intx CICompilerCount                          = 4                                         {product} {ergonomic}
     uint ConcGCThreads                            = 2                                         {product} {ergonomic}
     uint G1ConcRefinementThreads                  = 8                                         {product} {ergonomic}
   size_t G1HeapRegionSize                         = 1048576                                   {product} {ergonomic}
    uintx GCDrainStackTargetSize                   = 64                                        {product} {ergonomic}
   size_t InitialHeapSize                          = 134217728                                 {product} {ergonomic}
   size_t MarkStackSize                            = 4194304                                   {product} {ergonomic}
   size_t MaxHeapSize                              = 2116026368                                {product} {ergonomic}
   size_t MinHeapDeltaBytes                        = 1048576                                   {product} {ergonomic}
   size_t MinHeapSize                              = 8388608                                   {product} {ergonomic}
    uintx NonNMethodCodeHeapSize                   = 5839372                                {pd product} {ergonomic}
    uintx NonProfiledCodeHeapSize                  = 122909434                              {pd product} {ergonomic}
    uintx ProfiledCodeHeapSize                     = 122909434                              {pd product} {ergonomic}
    uintx ReservedCodeCacheSize                    = 251658240                              {pd product} {ergonomic}
     bool SegmentedCodeCache                       = true                                      {product} {ergonomic}
   size_t SoftMaxHeapSize                          = 2116026368                             {manageable} {ergonomic}
     bool UseCompressedClassPointers               = true                           {product lp64_product} {ergonomic}
     bool UseCompressedOops                        = true                           {product lp64_product} {ergonomic}
     bool UseG1GC                                  = true                                      {product} {ergonomic}
     bool UseLargePagesIndividualAllocation        = false                                  {pd product} {ergonomic}

Logging:
Log output configuration:
 #0: stdout all=warning uptime,level,tags
 #1: stderr all=off uptime,level,tags

Environment Variables:
JAVA_HOME=C:\Users\IT\Documents\Nur\Developments\Java\Sdk\jdk-20
PATH=C:\Program Files\Common Files\Oracle\Java\javapath;C:\ProgramData\Oracle\Java\javapath;C:\Program Files (x86)\Intel\iCLS Client\;C:\Program Files\Intel\iCLS Client\;C:\WINDOWS\system32;C:\WINDOWS;C:\WINDOWS\System32\Wbem;C:\WINDOWS\System32\WindowsPowerShell\v1.0\;C:\Program Files\Intel\Intel(R) Management Engine Components\DAL;C:\Program Files (x86)\Intel\Intel(R) Management Engine Components\DAL;C:\Program Files\Intel\Intel(R) Management Engine Components\IPT;C:\Program Files (x86)\Intel\Intel(R) Management Engine Components\IPT;C:\WINDOWS\System32\OpenSSH\;C:\WINDOWS\system32\config\systemprofile\.dnx\bin;C:\Program Files\Microsoft DNX\Dnvm\;C:\Program Files (x86)\Windows Kits\8.1\Windows Performance Toolkit\;C:\Program Files\Microsoft SQL Server\130\Tools\Binn\;C:\Program Files\Go\bin;C:\Users\IT\Documents\Nur\Developments\Java\Sdk\jdk-20\bin;C:\Program Files\Git\cmd;C:\Program Files\Microsoft SQL Server\150\Tools\Binn\;C:\Program Files\dotnet\;C:\Program Files (x86)\Microsoft SQL Server\160\DTS\Binn\;C:\Program Files\Azure Data Studio\bin;C:\Program Files\Microsoft SQL Server\160\DTS\Binn\;C:\Program Files (x86)\Microsoft SQL Server\160\Tools\Binn\;C:\Program Files\Microsoft SQL Server\160\Tools\Binn\;C:\Program Files\Microsoft SQL Server\Client SDK\ODBC\170\Tools\Binn\;C:\Program Files (x86)\Microsoft SQL Server Migration Assistant for MySQL\bin\;F:\NUR\Program Files\bin;C:\Users\IT\AppData\Local\Microsoft\WindowsApps;;C:\Users\IT\AppData\Local\Programs\Microsoft VS Code\bin;C:\Users\IT\go\bin;C:\Program Files\JetBrains\IntelliJ IDEA Community Edition 2022.3.3\bin;;C:\Users\IT\.dotnet\tools;C:\Program Files\Azure Data Studio\bin
USERNAME=IT
OS=Windows_NT
PROCESSOR_IDENTIFIER=Intel64 Family 6 Model 60 Stepping 3, GenuineIntel
TMP=C:\Users\IT\AppData\Local\Temp
TEMP=C:\Users\IT\AppData\Local\Temp



---------------  S Y S T E M  ---------------

OS:
 Windows 10 , 64 bit Build 19041 (10.0.19041.2788)
OS uptime: 1 days 3:31 hours
Hyper-V role detected

CPU: total 8 (initial active 8) (4 cores per cpu, 2 threads per core) family 6 model 60 stepping 3 microcode 0x27, cx8, cmov, fxsr, ht, mmx, sse, sse2, sse3, ssse3, sse4.1, sse4.2, popcnt, lzcnt, tsc, tscinvbit, avx, avx2, aes, erms, clmul, bmi1, bmi2, fma, vzeroupper, clflush, hv

Memory: 4k page, system-wide physical 8068M (600M free)
TotalPageFile size 13047M (AvailPageFile size 64M)
current process WorkingSet (physical memory assigned to process): 11M, peak: 11M
current process commit charge ("private bytes"): 60M, peak: 188M

vm_info: OpenJDK 64-Bit Server VM (17.0.6+0-b2043.56-9586694) for windows-amd64 JRE (17.0.6+0-b2043.56-9586694), built on Feb  9 2023 20:06:20 by "androidbuild" with MS VC++ 16.10 / 16.11 (VS2019)

END.
